Build started 21/11/2014 06:03:46.
     1>Project "C:\Users\kostas\Desktop\Final\nclgl\nclgl.vcxproj" on node 2 (Build target(s)).
     1>ClCompile:
         C:\Program Files (x86)\Microsoft Visual Studio 12.0\VC\bin\CL.exe /c /ZI /nologo /W3 /WX- /Od /Oy- /D GLEW_STATIC /D _MBCS /Gm /EHsc /RTC1 /MDd /GS /fp:precise /Zc:wchar_t /Zc:forScope /Fo"Debug\\" /Fd"Debug\vc120.pdb" /Gd /TP /analyze- /errorReport:prompt Camera.cpp Frustum.cpp GameTimer.cpp HeightMap.cpp Keyboard.cpp Matrix4.cpp MD5Anim.cpp MD5FileData.cpp MD5Mesh.cpp MD5Node.cpp Mesh.cpp Mouse.cpp OBJMesh.cpp OGLRenderer.cpp ParticleEmitter.cpp Plane.cpp Quaternion.cpp SceneNode.cpp Shader.cpp TextMesh.cpp Tree.cpp Window.cpp
         Window.cpp
         Tree.cpp
     1>c:\users\kostas\desktop\final\nclgl\tree.cpp(273): warning C4018: '<' : signed/unsigned mismatch
     1>c:\users\kostas\desktop\final\nclgl\tree.cpp(283): warning C4018: '<' : signed/unsigned mismatch
     1>c:\users\kostas\desktop\final\nclgl\tree.cpp(292): warning C4018: '<' : signed/unsigned mismatch
     1>c:\users\kostas\desktop\final\nclgl\tree.cpp(321): warning C4018: '<' : signed/unsigned mismatch
     1>c:\users\kostas\desktop\final\nclgl\tree.cpp(326): warning C4018: '<' : signed/unsigned mismatch
     1>c:\users\kostas\desktop\final\nclgl\tree.cpp(330): warning C4018: '<' : signed/unsigned mismatch
         TextMesh.cpp
         Shader.cpp
         SceneNode.cpp
         Quaternion.cpp
         Plane.cpp
         ParticleEmitter.cpp
         OGLRenderer.cpp
         OBJMesh.cpp
         Mouse.cpp
         Mesh.cpp
     1>c:\users\kostas\desktop\final\nclgl\mesh.cpp(71): warning C4018: '<' : signed/unsigned mismatch
     1>c:\users\kostas\desktop\final\nclgl\mesh.cpp(110): warning C4018: '<' : signed/unsigned mismatch
     1>c:\users\kostas\desktop\final\nclgl\mesh.cpp(150): warning C4018: '<' : signed/unsigned mismatch
         MD5Node.cpp
         MD5Mesh.cpp
         MD5FileData.cpp
         MD5Anim.cpp
         Matrix4.cpp
         Keyboard.cpp
         HeightMap.cpp
         GameTimer.cpp
         Generating Code...
         Compiling...
         Frustum.cpp
         Camera.cpp
         Generating Code...
       Lib:
         C:\Program Files (x86)\Microsoft Visual Studio 12.0\VC\bin\Lib.exe /OUT:"C:\Users\kostas\Desktop\Final\Graphics For Games\Debug\nclgl.lib" /NOLOGO Debug\Camera.obj
         Debug\Frustum.obj
         Debug\GameTimer.obj
         Debug\HeightMap.obj
         Debug\Keyboard.obj
         Debug\Matrix4.obj
         Debug\MD5Anim.obj
         Debug\MD5FileData.obj
         Debug\MD5Mesh.obj
         Debug\MD5Node.obj
         Debug\Mesh.obj
         Debug\Mouse.obj
         Debug\OBJMesh.obj
         Debug\OGLRenderer.obj
         Debug\ParticleEmitter.obj
         Debug\Plane.obj
         Debug\Quaternion.obj
         Debug\SceneNode.obj
         Debug\Shader.obj
         Debug\TextMesh.obj
         Debug\Tree.obj
         Debug\Window.obj
         nclgl.vcxproj -> C:\Users\kostas\Desktop\Final\Graphics For Games\Debug\nclgl.lib
     1>Done Building Project "C:\Users\kostas\Desktop\Final\nclgl\nclgl.vcxproj" (Build target(s)).

Build succeeded.

Time Elapsed 00:00:30.19
