Build started 23/01/2015 19:26:17.
     1>Project "C:\Users\kostas\Google Drive\Newcastle\Final\Graphics For Games\12) Per Fragment Lighting B\Tutorial12.vcxproj" on node 2 (Build target(s)).
     1>C:\Program Files (x86)\MSBuild\Microsoft.Cpp\v4.0\V120\Microsoft.CppBuild.targets(381,5): warning MSB8028: The intermediate directory (Debug\) contains files shared from another project (Tutorial 12 - Real-time Lighting B.vcxproj).  This can lead to incorrect clean and rebuild behavior.
     1>ClCompile:
         C:\Program Files (x86)\Microsoft Visual Studio 12.0\VC\bin\CL.exe /c /ZI /nologo /W3 /WX- /Od /Oy- /D _MBCS /Gm /EHsc /RTC1 /MDd /GS /fp:precise /Zc:wchar_t /Zc:forScope /Fo"Debug\\" /Fd"Debug\vc120.pdb" /Gd /TP /analyze- /errorReport:prompt Renderer.cpp Tutorial12.cpp
         Tutorial12.cpp
         Renderer.cpp
     1>c:\users\kostas\google drive\newcastle\final\graphics for games\12) per fragment lighting b\renderer.cpp(139): warning C4244: '+=' : conversion from 'float' to 'int', possible loss of data
     1>c:\users\kostas\google drive\newcastle\final\graphics for games\12) per fragment lighting b\renderer.cpp(181): warning C4244: 'argument' : conversion from 'float' to 'int', possible loss of data
         Generating Code...
       Link:
         C:\Program Files (x86)\Microsoft Visual Studio 12.0\VC\bin\link.exe /ERRORREPORT:PROMPT /OUT:"C:\Users\kostas\Google Drive\Newcastle\Final\Graphics For Games\Debug\Graphics Coursework.exe" /INCREMENTAL /NOLOGO kernel32.lib user32.lib gdi32.lib winspool.lib comdlg32.lib advapi32.lib shell32.lib ole32.lib oleaut32.lib uuid.lib odbc32.lib odbccp32.lib /MANIFEST /MANIFESTUAC:"level='asInvoker' uiAccess='false'" /manifest:embed /DEBUG /PDB:"C:\Users\kostas\Google Drive\Newcastle\Final\Graphics For Games\Debug\Graphics Coursework.pdb" /TLBID:1 /DYNAMICBASE /NXCOMPAT /IMPLIB:"C:\Users\kostas\Google Drive\Newcastle\Final\Graphics For Games\Debug\Graphics Coursework.lib" /MACHINE:X86 Debug\Renderer.obj
         Debug\Tutorial12.obj
     1>Renderer.obj : warning LNK4049: locally defined symbol ___glewActiveTexture imported
     1>Renderer.obj : warning LNK4049: locally defined symbol ___glewGetUniformLocation imported
     1>Renderer.obj : warning LNK4049: locally defined symbol ___glewUniform1f imported
     1>Renderer.obj : warning LNK4049: locally defined symbol ___glewUniform1i imported
     1>Renderer.obj : warning LNK4049: locally defined symbol ___glewUniform3fv imported
     1>Renderer.obj : warning LNK4049: locally defined symbol ___glewUniform4fv imported
     1>Renderer.obj : warning LNK4049: locally defined symbol ___glewUniformMatrix4fv imported
     1>Renderer.obj : warning LNK4049: locally defined symbol ___glewUseProgram imported
     1>Renderer.obj : warning LNK4049: locally defined symbol ___wglewSwapIntervalEXT imported
     1>glew32.lib(glew.obj) : warning LNK4099: PDB 'vc120.pdb' was not found with 'glew32.lib(glew.obj)' or at 'C:\Users\kostas\Google Drive\Newcastle\Final\Graphics For Games\Debug\vc120.pdb'; linking object as if no debug info
     1>SOIL.lib(image_DXT.obj) : warning LNK4099: PDB 'vc120.pdb' was not found with 'SOIL.lib(image_DXT.obj)' or at 'C:\Users\kostas\Google Drive\Newcastle\Final\Graphics For Games\Debug\vc120.pdb'; linking object as if no debug info
     1>SOIL.lib(image_helper.obj) : warning LNK4099: PDB 'vc120.pdb' was not found with 'SOIL.lib(image_helper.obj)' or at 'C:\Users\kostas\Google Drive\Newcastle\Final\Graphics For Games\Debug\vc120.pdb'; linking object as if no debug info
     1>SOIL.lib(SOIL.obj) : warning LNK4099: PDB 'vc120.pdb' was not found with 'SOIL.lib(SOIL.obj)' or at 'C:\Users\kostas\Google Drive\Newcastle\Final\Graphics For Games\Debug\vc120.pdb'; linking object as if no debug info
     1>SOIL.lib(stb_image_aug.obj) : warning LNK4099: PDB 'vc120.pdb' was not found with 'SOIL.lib(stb_image_aug.obj)' or at 'C:\Users\kostas\Google Drive\Newcastle\Final\Graphics For Games\Debug\vc120.pdb'; linking object as if no debug info
     1>nclgl.lib(Camera.obj) : warning LNK4099: PDB 'vc120.pdb' was not found with 'nclgl.lib(Camera.obj)' or at 'C:\Users\kostas\Google Drive\Newcastle\Final\Graphics For Games\Debug\vc120.pdb'; linking object as if no debug info
     1>nclgl.lib(GameTimer.obj) : warning LNK4099: PDB 'vc120.pdb' was not found with 'nclgl.lib(GameTimer.obj)' or at 'C:\Users\kostas\Google Drive\Newcastle\Final\Graphics For Games\Debug\vc120.pdb'; linking object as if no debug info
     1>nclgl.lib(HeightMap.obj) : warning LNK4099: PDB 'vc120.pdb' was not found with 'nclgl.lib(HeightMap.obj)' or at 'C:\Users\kostas\Google Drive\Newcastle\Final\Graphics For Games\Debug\vc120.pdb'; linking object as if no debug info
     1>nclgl.lib(Keyboard.obj) : warning LNK4099: PDB 'vc120.pdb' was not found with 'nclgl.lib(Keyboard.obj)' or at 'C:\Users\kostas\Google Drive\Newcastle\Final\Graphics For Games\Debug\vc120.pdb'; linking object as if no debug info
     1>nclgl.lib(Matrix4.obj) : warning LNK4099: PDB 'vc120.pdb' was not found with 'nclgl.lib(Matrix4.obj)' or at 'C:\Users\kostas\Google Drive\Newcastle\Final\Graphics For Games\Debug\vc120.pdb'; linking object as if no debug info
     1>nclgl.lib(Mesh.obj) : warning LNK4099: PDB 'vc120.pdb' was not found with 'nclgl.lib(Mesh.obj)' or at 'C:\Users\kostas\Google Drive\Newcastle\Final\Graphics For Games\Debug\vc120.pdb'; linking object as if no debug info
     1>nclgl.lib(Mouse.obj) : warning LNK4099: PDB 'vc120.pdb' was not found with 'nclgl.lib(Mouse.obj)' or at 'C:\Users\kostas\Google Drive\Newcastle\Final\Graphics For Games\Debug\vc120.pdb'; linking object as if no debug info
     1>nclgl.lib(OGLRenderer.obj) : warning LNK4099: PDB 'vc120.pdb' was not found with 'nclgl.lib(OGLRenderer.obj)' or at 'C:\Users\kostas\Google Drive\Newcastle\Final\Graphics For Games\Debug\vc120.pdb'; linking object as if no debug info
     1>nclgl.lib(ParticleEmitter.obj) : warning LNK4099: PDB 'vc120.pdb' was not found with 'nclgl.lib(ParticleEmitter.obj)' or at 'C:\Users\kostas\Google Drive\Newcastle\Final\Graphics For Games\Debug\vc120.pdb'; linking object as if no debug info
     1>nclgl.lib(SceneNode.obj) : warning LNK4099: PDB 'vc120.pdb' was not found with 'nclgl.lib(SceneNode.obj)' or at 'C:\Users\kostas\Google Drive\Newcastle\Final\Graphics For Games\Debug\vc120.pdb'; linking object as if no debug info
     1>nclgl.lib(Shader.obj) : warning LNK4099: PDB 'vc120.pdb' was not found with 'nclgl.lib(Shader.obj)' or at 'C:\Users\kostas\Google Drive\Newcastle\Final\Graphics For Games\Debug\vc120.pdb'; linking object as if no debug info
     1>nclgl.lib(TextMesh.obj) : warning LNK4099: PDB 'vc120.pdb' was not found with 'nclgl.lib(TextMesh.obj)' or at 'C:\Users\kostas\Google Drive\Newcastle\Final\Graphics For Games\Debug\vc120.pdb'; linking object as if no debug info
     1>nclgl.lib(Tree.obj) : warning LNK4099: PDB 'vc120.pdb' was not found with 'nclgl.lib(Tree.obj)' or at 'C:\Users\kostas\Google Drive\Newcastle\Final\Graphics For Games\Debug\vc120.pdb'; linking object as if no debug info
     1>nclgl.lib(Window.obj) : warning LNK4099: PDB 'vc120.pdb' was not found with 'nclgl.lib(Window.obj)' or at 'C:\Users\kostas\Google Drive\Newcastle\Final\Graphics For Games\Debug\vc120.pdb'; linking object as if no debug info
         Tutorial12.vcxproj -> C:\Users\kostas\Google Drive\Newcastle\Final\Graphics For Games\Debug\Graphics Coursework.exe
     1>Done Building Project "C:\Users\kostas\Google Drive\Newcastle\Final\Graphics For Games\12) Per Fragment Lighting B\Tutorial12.vcxproj" (Build target(s)).

Build succeeded.

Time Elapsed 00:00:09.87
