c:\users\kostas\desktop\code_good_pray\graphics for games\12) per fragment lighting b\debug\vc120.pdb
c:\users\kostas\desktop\code_good_pray\graphics for games\12) per fragment lighting b\debug\vc120.idb
c:\users\kostas\desktop\code_good_pray\graphics for games\12) per fragment lighting b\debug\renderer.obj
c:\users\kostas\desktop\code_good_pray\graphics for games\12) per fragment lighting b\debug\tutorial12.obj
c:\users\kostas\desktop\final\graphics for games\12) per fragment lighting b\debug\vc120.pdb
c:\users\kostas\desktop\final\graphics for games\12) per fragment lighting b\debug\vc120.idb
c:\users\kostas\desktop\final\graphics for games\12) per fragment lighting b\debug\renderer.obj
c:\users\kostas\desktop\final\graphics for games\12) per fragment lighting b\debug\tutorial12.obj
c:\users\kostas\desktop\code_good_pray\graphics for games\debug\tutorial 12 - real-time lighting b.ilk
c:\users\kostas\desktop\code_good_pray\graphics for games\debug\tutorial 12 - real-time lighting b.exe
c:\users\kostas\desktop\code_good_pray\graphics for games\debug\tutorial 12 - real-time lighting b.pdb
c:\users\kostas\desktop\final\graphics for games\debug\tutorial 12 - real-time lighting b.ilk
c:\users\kostas\desktop\final\graphics for games\debug\tutorial 12 - real-time lighting b.exe
c:\users\kostas\desktop\final\graphics for games\debug\tutorial 12 - real-time lighting b.pdb
c:\users\kostas\desktop\final\graphics for games\12) per fragment lighting b\debug\tutorial.dc9f082d.tlog\cl.command.1.tlog
c:\users\kostas\desktop\final\graphics for games\12) per fragment lighting b\debug\tutorial.dc9f082d.tlog\cl.read.1.tlog
c:\users\kostas\desktop\final\graphics for games\12) per fragment lighting b\debug\tutorial.dc9f082d.tlog\cl.write.1.tlog
c:\users\kostas\desktop\final\graphics for games\12) per fragment lighting b\debug\tutorial.dc9f082d.tlog\link.command.1.tlog
c:\users\kostas\desktop\final\graphics for games\12) per fragment lighting b\debug\tutorial.dc9f082d.tlog\link.read.1.tlog
c:\users\kostas\desktop\final\graphics for games\12) per fragment lighting b\debug\tutorial.dc9f082d.tlog\link.write.1.tlog
